<?xml version="1.0" encoding="UTF-8"?>
<!-- Generated by org.testng.reporters.JUnitXMLReporter -->
<testsuite ignored="0" hostname="TYSS-Chaithra" failures="0" tests="1" name="Test-Runner-Edge" time="11.016" errors="0" timestamp="2025-04-09T07:31:57 IST">
  <testcase classname="inventoryTests.AddProductToCartTest" name="tc_001_AddProductToCartTest" time="1.846"/>
</testsuite> <!-- Test-Runner-Edge -->
