<?xml version="1.0" encoding="UTF-8"?>
<!-- Generated by org.testng.reporters.JUnitXMLReporter -->
<testsuite ignored="0" hostname="TYSS-Chaithra" failures="0" tests="2" name="Test-Runner-2" time="11.925" errors="0" timestamp="2025-04-08T08:30:10 IST">
  <testcase classname="inventoryTests.AddLowestPriceProductToCartTest" name="addLowestPriceProductTest" time="1.9"/>
  <testcase classname="inventoryTests.AddLowestPriceProductToCartTest" name="sample" time="0.002"/>
</testsuite> <!-- Test-Runner-2 -->
