<?xml version="1.0" encoding="UTF-8"?>
<!-- Generated by org.testng.reporters.JUnitReportReporter -->
<testsuite hostname="TYSS-Chaithra" failures="0" tests="1" name="practice.TestNGPractice" time="0.008" errors="0" timestamp="2025-04-03T08:18:59 IST" skipped="0">
  <testcase classname="practice.TestNGPractice" name="prcatice" time="0.008"/>
  <system-out/>
</testsuite> <!-- practice.TestNGPractice -->
