<?xml version="1.0" encoding="UTF-8"?>
<!-- Generated by org.testng.reporters.JUnitReportReporter -->
<testsuite hostname="TYSS-Chaithra" failures="0" tests="1" name="practice.AssertionsPractice" time="0.010" errors="0" timestamp="2025-04-05T08:44:36 IST" skipped="0">
  <testcase classname="practice.AssertionsPractice" name="sample1" time="0.010"/>
  <system-out/>
</testsuite> <!-- practice.AssertionsPractice -->
