<?xml version="1.0" encoding="UTF-8"?>
<!-- Generated by org.testng.reporters.JUnitReportReporter -->
<testsuite hostname="TYSS-Chaithra" failures="0" tests="1" name="practice.SampleJDBC" time="0.307" errors="0" timestamp="2025-04-26T08:47:59 IST" skipped="0">
  <testcase classname="practice.SampleJDBC" name="executeQueryJDBC" time="0.307"/>
  <system-out/>
</testsuite> <!-- practice.SampleJDBC -->
