<?xml version="1.0" encoding="UTF-8"?>
<!-- Generated by org.testng.reporters.JUnitReportReporter -->
<testsuite hostname="TYSS-Chaithra" failures="0" tests="1" name="inventoryTests.AddLowestPriceProductToCartTest" time="1.081" errors="0" timestamp="2025-04-15T08:48:29 IST" skipped="0">
  <testcase classname="inventoryTests.AddLowestPriceProductToCartTest" name="sample" time="1.081"/>
  <system-out/>
</testsuite> <!-- inventoryTests.AddLowestPriceProductToCartTest -->
